<?xml version="1.0" encoding="UTF-8"?>
<coverage generated="1599375947741" clover="3.2.0">
  <project timestamp="1599375947741" name="All files">
    <metrics statements="29" coveredstatements="26" conditionals="7" coveredconditionals="6" methods="20" coveredmethods="19" elements="56" coveredelements="51" complexity="0" loc="29" ncloc="29" packages="2" files="3" classes="3"/>
    <package name="src">
      <metrics statements="16" coveredstatements="15" conditionals="1" coveredconditionals="1" methods="12" coveredmethods="11"/>
      <file name="App.vue" path="/Users/jess/projects/personal/crossword/src/App.vue">
        <metrics statements="16" coveredstatements="15" conditionals="1" coveredconditionals="1" methods="12" coveredmethods="11"/>
        <line num="22" count="5" type="stmt"/>
        <line num="23" count="30" type="stmt"/>
        <line num="24" count="16" type="stmt"/>
        <line num="29" count="14" type="stmt"/>
        <line num="30" count="14" type="stmt"/>
        <line num="38" count="2" type="stmt"/>
        <line num="41" count="7" type="stmt"/>
        <line num="42" count="7" type="stmt"/>
        <line num="45" count="4" type="stmt"/>
        <line num="46" count="4" type="stmt"/>
        <line num="49" count="25" type="stmt"/>
        <line num="50" count="25" type="stmt"/>
        <line num="51" count="25" type="stmt"/>
        <line num="52" count="0" type="stmt"/>
        <line num="57" count="11" type="stmt"/>
        <line num="61" count="14" type="stmt"/>
      </file>
    </package>
    <package name="src.components">
      <metrics statements="13" coveredstatements="11" conditionals="6" coveredconditionals="5" methods="8" coveredmethods="8"/>
      <file name="Cell.vue" path="/Users/jess/projects/personal/crossword/src/components/Cell.vue">
        <metrics statements="7" coveredstatements="5" conditionals="4" coveredconditionals="3" methods="4" coveredmethods="4"/>
        <line num="27" count="11907" type="stmt"/>
        <line num="32" count="60" type="cond" truecount="1" falsecount="1"/>
        <line num="33" count="0" type="stmt"/>
        <line num="34" count="0" type="stmt"/>
        <line num="36" count="60" type="stmt"/>
        <line num="41" count="12611" type="cond" truecount="2" falsecount="0"/>
        <line num="46" count="60" type="stmt"/>
      </file>
      <file name="Crossword.vue" path="/Users/jess/projects/personal/crossword/src/components/Crossword.vue">
        <metrics statements="6" coveredstatements="6" conditionals="2" coveredconditionals="2" methods="4" coveredmethods="4"/>
        <line num="26" count="27" type="stmt"/>
        <line num="27" count="14547" type="cond" truecount="2" falsecount="0"/>
        <line num="28" count="3955" type="stmt"/>
        <line num="31" count="10592" type="stmt"/>
        <line num="35" count="38" type="stmt"/>
        <line num="38" count="38" type="stmt"/>
      </file>
    </package>
  </project>
</coverage>
