{"/Users/jess/projects/personal/crossword/src/components/Cell.vue": {"path":"/Users/jess/projects/personal/crossword/src/components/Cell.vue","statementMap":{"0":{"start":{"line":18,"column":0},"end":{"line":18,"column":null}}},"fnMap":{"0":{"name":"(anonymous_0)","decl":{"start":{"line":17,"column":0},"end":{"line":17,"column":null}},"loc":{"start":{"line":17,"column":0},"end":{"line":19,"column":null}}}},"branchMap":{"0":{"loc":{"start":{"line":18,"column":0},"end":{"line":18,"column":null}},"type":"cond-expr","locations":[{"start":{"line":18,"column":0},"end":{"line":18,"column":null}},{"start":{"line":18,"column":0},"end":{"line":18,"column":null}}]}},"s":{"0":350},"f":{"0":350},"b":{"0":[0,350]}}
,"/Users/jess/projects/personal/crossword/src/components/Gameboard.vue": {"path":"/Users/jess/projects/personal/crossword/src/components/Gameboard.vue","statementMap":{"0":{"start":{"line":24,"column":0},"end":{"line":30,"column":null}},"1":{"start":{"line":25,"column":0},"end":{"line":27,"column":null}},"2":{"start":{"line":26,"column":0},"end":{"line":26,"column":null}},"3":{"start":{"line":29,"column":0},"end":{"line":29,"column":null}},"4":{"start":{"line":33,"column":0},"end":{"line":33,"column":null}},"5":{"start":{"line":36,"column":0},"end":{"line":36,"column":null}}},"fnMap":{"0":{"name":"(anonymous_0)","decl":{"start":{"line":23,"column":0},"end":{"line":23,"column":null}},"loc":{"start":{"line":23,"column":0},"end":{"line":31,"column":null}}},"1":{"name":"(anonymous_1)","decl":{"start":{"line":24,"column":0},"end":{"line":24,"column":null}},"loc":{"start":{"line":24,"column":0},"end":{"line":30,"column":null}}},"2":{"name":"(anonymous_2)","decl":{"start":{"line":32,"column":0},"end":{"line":32,"column":null}},"loc":{"start":{"line":32,"column":0},"end":{"line":34,"column":null}}},"3":{"name":"(anonymous_3)","decl":{"start":{"line":35,"column":0},"end":{"line":35,"column":null}},"loc":{"start":{"line":35,"column":0},"end":{"line":37,"column":null}}}},"branchMap":{"0":{"loc":{"start":{"line":25,"column":0},"end":{"line":27,"column":null}},"type":"if","locations":[{"start":{"line":25,"column":0},"end":{"line":27,"column":null}},{"start":{"line":25,"column":0},"end":{"line":27,"column":null}}]}},"s":{"0":14,"1":350,"2":28,"3":322,"4":14,"5":14},"f":{"0":14,"1":350,"2":14,"3":14},"b":{"0":[28,322]}}
}
