{"total": {"lines":{"total":40,"covered":28,"skipped":0,"pct":70},"statements":{"total":40,"covered":28,"skipped":0,"pct":70},"functions":{"total":27,"covered":20,"skipped":0,"pct":74.07},"branches":{"total":7,"covered":6,"skipped":0,"pct":85.71}}
,"/Users/jess/projects/personal/crossword/src/App.vue": {"lines":{"total":23,"covered":17,"skipped":0,"pct":73.91},"functions":{"total":16,"covered":12,"skipped":0,"pct":75},"statements":{"total":23,"covered":17,"skipped":0,"pct":73.91},"branches":{"total":1,"covered":1,"skipped":0,"pct":100}}
,"/Users/jess/projects/personal/crossword/src/components/Cell.vue": {"lines":{"total":8,"covered":5,"skipped":0,"pct":62.5},"functions":{"total":5,"covered":4,"skipped":0,"pct":80},"statements":{"total":8,"covered":5,"skipped":0,"pct":62.5},"branches":{"total":4,"covered":3,"skipped":0,"pct":75}}
,"/Users/jess/projects/personal/crossword/src/components/Crossword.vue": {"lines":{"total":9,"covered":6,"skipped":0,"pct":66.67},"functions":{"total":6,"covered":4,"skipped":0,"pct":66.67},"statements":{"total":9,"covered":6,"skipped":0,"pct":66.67},"branches":{"total":2,"covered":2,"skipped":0,"pct":100}}
}
