TN:
SF:src/App.vue
FN:45,(anonymous_0)
FN:46,(anonymous_1)
FN:50,(anonymous_2)
FN:61,(anonymous_3)
FN:66,(anonymous_4)
FN:71,(anonymous_5)
FN:73,(anonymous_6)
FN:76,(anonymous_7)
FN:79,(anonymous_8)
FN:83,(anonymous_9)
FN:87,(anonymous_10)
FN:89,(anonymous_11)
FN:90,(anonymous_12)
FN:91,(anonymous_13)
FN:95,(anonymous_14)
FN:100,(anonymous_15)
FNF:16
FNH:12
FNDA:28,(anonymous_0)
FNDA:14,(anonymous_1)
FNDA:14,(anonymous_2)
FNDA:28,(anonymous_3)
FNDA:0,(anonymous_4)
FNDA:0,(anonymous_5)
FNDA:0,(anonymous_6)
FNDA:2,(anonymous_7)
FNDA:7,(anonymous_8)
FNDA:7,(anonymous_9)
FNDA:28,(anonymous_10)
FNDA:28,(anonymous_11)
FNDA:28,(anonymous_12)
FNDA:0,(anonymous_13)
FNDA:14,(anonymous_14)
FNDA:14,(anonymous_15)
DA:44,5
DA:45,33
DA:46,19
DA:51,14
DA:52,14
DA:62,28
DA:67,0
DA:68,0
DA:69,0
DA:73,0
DA:74,0
DA:77,2
DA:80,7
DA:81,7
DA:84,7
DA:85,7
DA:88,28
DA:89,28
DA:90,28
DA:91,0
DA:96,14
DA:97,14
DA:101,14
LF:23
LH:17
BRDA:87,0,0,28
BRF:1
BRH:1
end_of_record
TN:
SF:src/components/Cell.vue
FN:28,(anonymous_0)
FN:32,(anonymous_1)
FN:39,(anonymous_2)
FN:44,(anonymous_3)
FN:49,(anonymous_4)
FNF:5
FNH:4
FNDA:13230,(anonymous_0)
FNDA:24,(anonymous_1)
FNDA:0,(anonymous_2)
FNDA:14126,(anonymous_3)
FNDA:24,(anonymous_4)
DA:28,13230
DA:33,24
DA:34,0
DA:35,0
DA:37,24
DA:40,0
DA:45,14126
DA:50,24
LF:8
LH:5
BRDA:33,0,0,0
BRDA:33,0,1,24
BRDA:45,1,0,2720
BRDA:45,1,1,11406
BRF:4
BRH:3
end_of_record
TN:
SF:src/components/Crossword.vue
FN:26,(anonymous_0)
FN:27,(anonymous_1)
FN:33,(anonymous_2)
FN:34,(anonymous_3)
FN:42,(anonymous_4)
FN:45,(anonymous_5)
FNF:6
FNH:4
FNDA:0,(anonymous_0)
FNDA:0,(anonymous_1)
FNDA:30,(anonymous_2)
FNDA:16590,(anonymous_3)
FNDA:44,(anonymous_4)
FNDA:44,(anonymous_5)
DA:27,0
DA:28,0
DA:29,0
DA:34,30
DA:35,16590
DA:36,4510
DA:39,12080
DA:43,44
DA:46,44
LF:9
LH:6
BRDA:35,0,0,4510
BRDA:35,0,1,12080
BRF:2
BRH:2
end_of_record
