TN:
SF:src/components/Cell.vue
FN:17,(anonymous_0)
FNF:1
FNH:1
FNDA:500,(anonymous_0)
DA:18,500
LF:1
LH:1
BRDA:18,0,0,320
BRDA:18,0,1,180
BRF:2
BRH:2
end_of_record
TN:
SF:src/components/Gameboard.vue
FN:22,(anonymous_0)
FN:23,(anonymous_1)
FN:31,(anonymous_2)
FN:34,(anonymous_3)
FNF:4
FNH:4
FNDA:20,(anonymous_0)
FNDA:500,(anonymous_1)
FNDA:20,(anonymous_2)
FNDA:20,(anonymous_3)
DA:23,20
DA:24,500
DA:25,40
DA:28,460
DA:32,20
DA:35,20
LF:6
LH:6
BRDA:24,0,0,40
BRDA:24,0,1,460
BRF:2
BRH:2
end_of_record
